<?xml version="1.0" encoding="UTF-8"?>
<!-- Generated by org.testng.reporters.JUnitReportReporter -->
<testsuite skipped="0" hostname="DESKTOP-04MOS7J" name="qa.mobile.Test1" tests="3" failures="0" timestamp="2020-02-29T11:50:08 IST" time="8.883" errors="0">
  <testcase name="validCredentials" time="3.479" classname="qa.mobile.Test1"/>
  <system-out/>
  <testcase name="invalidUser" time="2.146" classname="qa.mobile.Test1"/>
  <system-out/>
  <testcase name="invalidPwd" time="3.258" classname="qa.mobile.Test1"/>
  <system-out/>
</testsuite> <!-- qa.mobile.Test1 -->
